-------------------------------------------
2022-10-13 13:32:38| 0 |Func:test
-------------------------------------------
2022-10-13 13:32:38| 0 |Args:a|str|this is test file!
-------------------------------------------
2022-10-20 19:10:41| 0 |Func:connect
-------------------------------------------
2022-10-20 19:10:41| 0 |Args:ip:str|str|127.0.0.1
-------------------------------------------
2022-10-20 19:10:41| 0 |Func:get_running_status
-------------------------------------------
2022-10-20 19:10:41| 0 |Args:
-------------------------------------------
2022-10-20 19:10:41| 0 |Func:calibrate
-------------------------------------------
2022-10-20 19:10:41| 0 |Args:
-------------------------------------------
2022-10-20 19:10:41| 0 |Func:lift_down
-------------------------------------------
2022-10-20 19:10:41| 0 |Args:value:bool|bool|True
-------------------------------------------
2022-10-20 19:10:41| 0 |Func:get_current_pos
-------------------------------------------
2022-10-20 19:10:41| 0 |Args:
-------------------------------------------
2022-10-20 19:10:41| 0 |Func:set_target_pos
-------------------------------------------
2022-10-20 19:10:41| 0 |Args:value:int|int|500
-------------------------------------------
2022-10-20 19:10:41| 0 |Func:lift_up
-------------------------------------------
2022-10-20 19:10:41| 0 |Args:value:bool|bool|True
-------------------------------------------
2022-10-20 19:10:41| 0 |Func:lift_down
-------------------------------------------
2022-10-20 19:10:41| 0 |Args:value:bool|bool|False
-------------------------------------------
2022-10-20 19:10:41| 0 |Func:get_running_status
-------------------------------------------
2022-10-20 19:10:41| 0 |Args:
-------------------------------------------
2022-10-20 19:10:41| 0 |Func:get_current_pos
-------------------------------------------
2022-10-20 19:10:41| 0 |Args:
-------------------------------------------
2022-10-20 19:10:41| 0 |Func:get_calibration_status
-------------------------------------------
2022-10-20 19:10:41| 0 |Args:
