-------------------------------------------
2022-10-18 14:12:19| 0 |Func:get_running_status
-------------------------------------------
2022-10-18 14:12:19| 0 |Args:
-------------------------------------------
2022-10-18 14:12:19| 0 |Func:get_target_pos
-------------------------------------------
2022-10-18 14:12:19| 0 |Args:
-------------------------------------------
2022-10-18 14:12:19| 0 |Func:get_current_pos
-------------------------------------------
2022-10-18 14:12:19| 0 |Args:
-------------------------------------------
2022-10-18 14:12:19| 0 |Func:set_target_pos
-------------------------------------------
2022-10-18 14:12:19| 0 |Args:value:int|int|300
-------------------------------------------
2022-10-18 14:36:25| 0 |Func:get_running_status
-------------------------------------------
2022-10-18 14:36:25| 0 |Args:
-------------------------------------------
2022-10-18 14:36:25| 0 |Func:get_target_pos
-------------------------------------------
2022-10-18 14:36:25| 0 |Args:
-------------------------------------------
2022-10-18 14:36:25| 0 |Func:get_current_pos
-------------------------------------------
2022-10-18 14:36:25| 0 |Args:
-------------------------------------------
2022-10-18 14:36:25| 0 |Func:set_target_pos
-------------------------------------------
2022-10-18 14:36:25| 0 |Args:value:int|int|300
-------------------------------------------
2022-10-18 14:36:45| 0 |Func:connect
-------------------------------------------
2022-10-18 14:36:45| 0 |Args:ip:str|str|192.168.10.11
-------------------------------------------
2022-10-18 14:36:45| 0 |Func:get_running_status
-------------------------------------------
2022-10-18 14:36:45| 0 |Args:
-------------------------------------------
2022-10-18 14:36:46| 0 |Func:get_running_status
-------------------------------------------
2022-10-18 14:36:46| 0 |Args:
-------------------------------------------
2022-10-18 14:36:46| 0 |Func:get_target_pos
-------------------------------------------
2022-10-18 14:36:46| 0 |Args:
-------------------------------------------
2022-10-18 14:36:46| 0 |Func:get_current_pos
-------------------------------------------
2022-10-18 14:36:46| 0 |Args:
-------------------------------------------
2022-10-18 14:36:46| 0 |Func:set_target_pos
-------------------------------------------
2022-10-18 14:36:46| 0 |Args:value:int|int|300
-------------------------------------------
2022-10-18 14:37:09| 0 |Func:connect
-------------------------------------------
2022-10-18 14:37:09| 0 |Args:ip:str|str|192.168.10.11
-------------------------------------------
2022-10-18 14:37:09| 0 |Func:get_running_status
-------------------------------------------
2022-10-18 14:37:09| 0 |Args:
-------------------------------------------
2022-10-18 14:37:09| 0 |Func:get_running_status
-------------------------------------------
2022-10-18 14:37:09| 0 |Args:
-------------------------------------------
2022-10-18 14:37:09| 0 |Func:get_target_pos
-------------------------------------------
2022-10-18 14:37:09| 0 |Args:
-------------------------------------------
2022-10-18 14:37:09| 0 |Func:get_current_pos
-------------------------------------------
2022-10-18 14:37:09| 0 |Args:
-------------------------------------------
2022-10-18 14:37:09| 0 |Func:lift_up
-------------------------------------------
2022-10-18 14:37:09| 0 |Args:value:bool|-|-
-------------------------------------------
2022-10-18 14:37:23| 0 |Func:connect
-------------------------------------------
2022-10-18 14:37:23| 0 |Args:ip:str|str|192.168.10.11
-------------------------------------------
2022-10-18 14:37:23| 0 |Func:get_running_status
-------------------------------------------
2022-10-18 14:37:23| 0 |Args:
-------------------------------------------
2022-10-18 14:37:23| 0 |Func:get_running_status
-------------------------------------------
2022-10-18 14:37:23| 0 |Args:
-------------------------------------------
2022-10-18 14:37:23| 0 |Func:get_target_pos
-------------------------------------------
2022-10-18 14:37:23| 0 |Args:
-------------------------------------------
2022-10-18 14:37:23| 0 |Func:get_current_pos
-------------------------------------------
2022-10-18 14:37:23| 0 |Args:
-------------------------------------------
2022-10-18 14:37:23| 0 |Func:lift_up
-------------------------------------------
2022-10-18 14:37:23| 0 |Args:value:bool|bool|True
-------------------------------------------
2022-10-18 14:37:50| 0 |Func:connect
-------------------------------------------
2022-10-18 14:37:50| 0 |Args:ip:str|str|192.168.10.11
-------------------------------------------
2022-10-18 14:37:50| 0 |Func:get_running_status
-------------------------------------------
2022-10-18 14:37:50| 0 |Args:
-------------------------------------------
2022-10-18 14:37:50| 0 |Func:get_running_status
-------------------------------------------
2022-10-18 14:37:50| 0 |Args:
-------------------------------------------
2022-10-18 14:37:50| 0 |Func:get_target_pos
-------------------------------------------
2022-10-18 14:37:50| 0 |Args:
-------------------------------------------
2022-10-18 14:37:50| 0 |Func:get_current_pos
-------------------------------------------
2022-10-18 14:37:50| 0 |Args:
-------------------------------------------
2022-10-18 14:37:50| 0 |Func:lift_up
-------------------------------------------
2022-10-18 14:37:50| 0 |Args:value:bool|bool|True
-------------------------------------------
2022-10-18 14:38:21| 0 |Func:connect
-------------------------------------------
2022-10-18 14:38:21| 0 |Args:ip:str|str|192.168.10.11
-------------------------------------------
2022-10-18 14:38:21| 0 |Func:get_running_status
-------------------------------------------
2022-10-18 14:38:21| 0 |Args:
-------------------------------------------
2022-10-18 14:38:21| 0 |Func:get_running_status
-------------------------------------------
2022-10-18 14:38:21| 0 |Args:
-------------------------------------------
2022-10-18 14:38:21| 0 |Func:get_target_pos
-------------------------------------------
2022-10-18 14:38:21| 0 |Args:
-------------------------------------------
2022-10-18 14:38:21| 0 |Func:get_current_pos
-------------------------------------------
2022-10-18 14:38:21| 0 |Args:
-------------------------------------------
2022-10-18 14:38:21| 0 |Func:lift_up
-------------------------------------------
2022-10-18 14:38:21| 0 |Args:value:bool|bool|True
-------------------------------------------
2022-10-18 14:38:31| 0 |Func:connect
-------------------------------------------
2022-10-18 14:38:31| 0 |Args:ip:str|str|192.168.10.11
-------------------------------------------
2022-10-18 14:38:31| 0 |Func:get_running_status
-------------------------------------------
2022-10-18 14:38:31| 0 |Args:
-------------------------------------------
2022-10-18 14:38:31| 0 |Func:get_running_status
-------------------------------------------
2022-10-18 14:38:31| 0 |Args:
-------------------------------------------
2022-10-18 14:38:31| 0 |Func:get_target_pos
-------------------------------------------
2022-10-18 14:38:31| 0 |Args:
-------------------------------------------
2022-10-18 14:38:31| 0 |Func:get_current_pos
-------------------------------------------
2022-10-18 14:38:31| 0 |Args:
-------------------------------------------
2022-10-18 14:38:31| 0 |Func:lift_up
-------------------------------------------
2022-10-18 14:38:31| 0 |Args:value:bool|bool|True
-------------------------------------------
2022-10-18 14:39:23| 0 |Func:connect
-------------------------------------------
2022-10-18 14:39:23| 0 |Args:ip:str|str|192.168.10.11
-------------------------------------------
2022-10-18 14:39:23| 0 |Func:get_running_status
-------------------------------------------
2022-10-18 14:39:23| 0 |Args:
-------------------------------------------
2022-10-18 14:39:23| 0 |Func:get_running_status
-------------------------------------------
2022-10-18 14:39:23| 0 |Args:
-------------------------------------------
2022-10-18 14:39:23| 0 |Func:get_target_pos
-------------------------------------------
2022-10-18 14:39:23| 0 |Args:
-------------------------------------------
2022-10-18 14:39:23| 0 |Func:get_current_pos
-------------------------------------------
2022-10-18 14:39:23| 0 |Args:
-------------------------------------------
2022-10-18 14:39:23| 0 |Func:lift_up
-------------------------------------------
2022-10-18 14:39:23| 0 |Args:value:bool|bool|True
-------------------------------------------
2022-10-18 14:39:36| 0 |Func:connect
-------------------------------------------
2022-10-18 14:39:36| 0 |Args:ip:str|str|192.168.10.11
-------------------------------------------
2022-10-18 14:39:36| 0 |Func:get_running_status
-------------------------------------------
2022-10-18 14:39:36| 0 |Args:
-------------------------------------------
2022-10-18 14:39:36| 0 |Func:get_running_status
-------------------------------------------
2022-10-18 14:39:36| 0 |Args:
-------------------------------------------
2022-10-18 14:39:36| 0 |Func:get_target_pos
-------------------------------------------
2022-10-18 14:39:36| 0 |Args:
-------------------------------------------
2022-10-18 14:39:36| 0 |Func:get_current_pos
-------------------------------------------
2022-10-18 14:39:36| 0 |Args:
-------------------------------------------
2022-10-18 14:39:36| 0 |Func:set_target_pos
-------------------------------------------
2022-10-18 14:39:36| 0 |Args:value:int|int|400
-------------------------------------------
2022-10-18 14:39:36| 0 |Func:lift_up
-------------------------------------------
2022-10-18 14:39:36| 0 |Args:value:bool|bool|True
-------------------------------------------
2022-10-18 14:51:36| 0 |Func:connect
-------------------------------------------
2022-10-18 14:51:36| 0 |Args:ip:str|str|192.168.10.11
-------------------------------------------
2022-10-18 14:51:36| 0 |Func:get_running_status
-------------------------------------------
2022-10-18 14:51:36| 0 |Args:
-------------------------------------------
2022-10-18 14:51:36| 0 |Func:get_running_status
-------------------------------------------
2022-10-18 14:51:36| 0 |Args:
-------------------------------------------
2022-10-18 14:51:36| 0 |Func:get_target_pos
-------------------------------------------
2022-10-18 14:51:36| 0 |Args:
-------------------------------------------
2022-10-18 14:51:36| 0 |Func:get_current_pos
-------------------------------------------
2022-10-18 14:51:36| 0 |Args:
-------------------------------------------
2022-10-18 14:51:36| 0 |Func:lift_up
-------------------------------------------
2022-10-18 14:51:36| 0 |Args:value:bool|bool|True
-------------------------------------------
2022-10-18 14:53:06| 0 |Func:connect
-------------------------------------------
2022-10-18 14:53:06| 0 |Args:ip:str|str|192.168.10.11
-------------------------------------------
2022-10-18 14:53:06| 0 |Func:get_running_status
-------------------------------------------
2022-10-18 14:53:06| 0 |Args:
-------------------------------------------
2022-10-18 14:53:06| 0 |Func:get_running_status
-------------------------------------------
2022-10-18 14:53:06| 0 |Args:
-------------------------------------------
2022-10-18 14:53:06| 0 |Func:get_target_pos
-------------------------------------------
2022-10-18 14:53:06| 0 |Args:
-------------------------------------------
2022-10-18 14:53:06| 0 |Func:get_current_pos
-------------------------------------------
2022-10-18 14:53:06| 0 |Args:
-------------------------------------------
2022-10-18 14:53:06| 0 |Func:lift_up
-------------------------------------------
2022-10-18 14:53:06| 0 |Args:value:bool|bool|True
-------------------------------------------
2022-10-18 14:53:11| 0 |Func:connect
-------------------------------------------
2022-10-18 14:53:11| 0 |Args:ip:str|str|192.168.10.11
-------------------------------------------
2022-10-18 14:53:11| 0 |Func:get_running_status
-------------------------------------------
2022-10-18 14:53:11| 0 |Args:
-------------------------------------------
2022-10-18 14:53:11| 0 |Func:get_running_status
-------------------------------------------
2022-10-18 14:53:11| 0 |Args:
-------------------------------------------
2022-10-18 14:53:11| 0 |Func:get_target_pos
-------------------------------------------
2022-10-18 14:53:11| 0 |Args:
-------------------------------------------
2022-10-18 14:53:11| 0 |Func:get_current_pos
-------------------------------------------
2022-10-18 14:53:11| 0 |Args:
-------------------------------------------
2022-10-18 14:53:11| 0 |Func:lift_up
-------------------------------------------
2022-10-18 14:53:11| 0 |Args:value:bool|bool|True
-------------------------------------------
2022-10-18 14:53:27| 0 |Func:connect
-------------------------------------------
2022-10-18 14:53:27| 0 |Args:ip:str|str|192.168.10.11
-------------------------------------------
2022-10-18 14:53:27| 0 |Func:get_running_status
-------------------------------------------
2022-10-18 14:53:27| 0 |Args:
-------------------------------------------
2022-10-18 14:53:32| 0 |Func:get_running_status
-------------------------------------------
2022-10-18 14:53:32| 0 |Args:
-------------------------------------------
2022-10-18 14:53:32| 0 |Func:get_target_pos
-------------------------------------------
2022-10-18 14:53:32| 0 |Args:
-------------------------------------------
2022-10-18 14:53:32| 0 |Func:get_current_pos
-------------------------------------------
2022-10-18 14:53:32| 0 |Args:
-------------------------------------------
2022-10-18 14:53:32| 0 |Func:lift_up
-------------------------------------------
2022-10-18 14:53:32| 0 |Args:value:bool|bool|True
-------------------------------------------
2022-10-18 14:53:48| 0 |Func:connect
-------------------------------------------
2022-10-18 14:53:48| 0 |Args:ip:str|str|192.168.10.11
-------------------------------------------
2022-10-18 14:53:48| 0 |Func:get_running_status
-------------------------------------------
2022-10-18 14:53:48| 0 |Args:
-------------------------------------------
2022-10-18 14:53:48| 0 |Func:get_running_status
-------------------------------------------
2022-10-18 14:53:48| 0 |Args:
-------------------------------------------
2022-10-18 14:53:48| 0 |Func:get_target_pos
-------------------------------------------
2022-10-18 14:53:48| 0 |Args:
-------------------------------------------
2022-10-18 14:53:48| 0 |Func:get_current_pos
-------------------------------------------
2022-10-18 14:53:48| 0 |Args:
-------------------------------------------
2022-10-18 14:53:48| 0 |Func:lift_up
-------------------------------------------
2022-10-18 14:53:48| 0 |Args:value:bool|bool|True
-------------------------------------------
2022-10-18 14:53:52| 0 |Func:connect
-------------------------------------------
2022-10-18 14:53:52| 0 |Args:ip:str|str|192.168.10.11
-------------------------------------------
2022-10-18 14:53:52| 0 |Func:get_running_status
-------------------------------------------
2022-10-18 14:53:52| 0 |Args:
-------------------------------------------
2022-10-18 14:53:52| 0 |Func:get_running_status
-------------------------------------------
2022-10-18 14:53:52| 0 |Args:
-------------------------------------------
2022-10-18 14:53:52| 0 |Func:get_target_pos
-------------------------------------------
2022-10-18 14:53:52| 0 |Args:
-------------------------------------------
2022-10-18 14:53:52| 0 |Func:get_current_pos
-------------------------------------------
2022-10-18 14:53:52| 0 |Args:
-------------------------------------------
2022-10-18 14:53:52| 0 |Func:lift_up
-------------------------------------------
2022-10-18 14:53:52| 0 |Args:value:bool|bool|True
-------------------------------------------
2022-10-18 14:54:09| 0 |Func:connect
-------------------------------------------
2022-10-18 14:54:09| 0 |Args:ip:str|str|192.168.10.11
-------------------------------------------
2022-10-18 14:54:09| 0 |Func:get_running_status
-------------------------------------------
2022-10-18 14:54:09| 0 |Args:
-------------------------------------------
2022-10-18 14:54:09| 0 |Func:get_running_status
-------------------------------------------
2022-10-18 14:54:09| 0 |Args:
-------------------------------------------
2022-10-18 14:54:09| 0 |Func:get_target_pos
-------------------------------------------
2022-10-18 14:54:09| 0 |Args:
-------------------------------------------
2022-10-18 14:54:09| 0 |Func:get_current_pos
-------------------------------------------
2022-10-18 14:54:09| 0 |Args:
-------------------------------------------
2022-10-18 14:54:09| 0 |Func:lift_up
-------------------------------------------
2022-10-18 14:54:09| 0 |Args:value:bool|bool|True
-------------------------------------------
2022-10-18 14:54:14| 0 |Func:connect
-------------------------------------------
2022-10-18 14:54:14| 0 |Args:ip:str|str|192.168.10.11
-------------------------------------------
2022-10-18 14:54:14| 0 |Func:get_running_status
-------------------------------------------
2022-10-18 14:54:14| 0 |Args:
-------------------------------------------
2022-10-18 14:54:14| 0 |Func:get_running_status
-------------------------------------------
2022-10-18 14:54:14| 0 |Args:
-------------------------------------------
2022-10-18 14:54:14| 0 |Func:get_target_pos
-------------------------------------------
2022-10-18 14:54:14| 0 |Args:
-------------------------------------------
2022-10-18 14:54:15| 0 |Func:get_current_pos
-------------------------------------------
2022-10-18 14:54:15| 0 |Args:
-------------------------------------------
2022-10-18 14:54:15| 0 |Func:lift_up
-------------------------------------------
2022-10-18 14:54:15| 0 |Args:value:bool|bool|True
-------------------------------------------
2022-10-18 14:54:34| 0 |Func:connect
-------------------------------------------
2022-10-18 14:54:34| 0 |Args:ip:str|str|192.168.10.11
-------------------------------------------
2022-10-18 14:54:34| 0 |Func:get_running_status
-------------------------------------------
2022-10-18 14:54:34| 0 |Args:
-------------------------------------------
2022-10-18 14:54:34| 0 |Func:get_running_status
-------------------------------------------
2022-10-18 14:54:34| 0 |Args:
-------------------------------------------
2022-10-18 14:54:34| 0 |Func:get_target_pos
-------------------------------------------
2022-10-18 14:54:34| 0 |Args:
-------------------------------------------
2022-10-18 14:54:34| 0 |Func:get_current_pos
-------------------------------------------
2022-10-18 14:54:34| 0 |Args:
-------------------------------------------
2022-10-18 14:54:34| 0 |Func:lift_up
-------------------------------------------
2022-10-18 14:54:34| 0 |Args:value:bool|bool|True
-------------------------------------------
2022-10-18 14:54:34| 0 |Func:lift_up
-------------------------------------------
2022-10-18 14:54:34| 0 |Args:value:bool|bool|True
-------------------------------------------
2022-10-18 14:54:34| 0 |Func:lift_up
-------------------------------------------
2022-10-18 14:54:34| 0 |Args:value:bool|bool|True
-------------------------------------------
2022-10-18 14:54:34| 0 |Func:lift_up
-------------------------------------------
2022-10-18 14:54:34| 0 |Args:value:bool|bool|True
-------------------------------------------
2022-10-18 14:54:34| 0 |Func:lift_up
-------------------------------------------
2022-10-18 14:54:34| 0 |Args:value:bool|bool|True
-------------------------------------------
2022-10-18 14:54:34| 0 |Func:lift_up
-------------------------------------------
2022-10-18 14:54:34| 0 |Args:value:bool|bool|True
-------------------------------------------
2022-10-18 14:54:34| 0 |Func:lift_up
-------------------------------------------
2022-10-18 14:54:34| 0 |Args:value:bool|bool|True
-------------------------------------------
2022-10-18 14:54:34| 0 |Func:lift_up
-------------------------------------------
2022-10-18 14:54:34| 0 |Args:value:bool|bool|True
-------------------------------------------
2022-10-18 14:54:34| 0 |Func:lift_up
-------------------------------------------
2022-10-18 14:54:34| 0 |Args:value:bool|bool|True
-------------------------------------------
2022-10-18 14:54:34| 0 |Func:lift_up
-------------------------------------------
2022-10-18 14:54:34| 0 |Args:value:bool|bool|True
-------------------------------------------
2022-10-18 14:54:34| 0 |Func:lift_up
-------------------------------------------
2022-10-18 14:54:34| 0 |Args:value:bool|bool|True
-------------------------------------------
2022-10-18 14:54:34| 0 |Func:lift_up
-------------------------------------------
2022-10-18 14:54:34| 0 |Args:value:bool|bool|True
-------------------------------------------
2022-10-18 14:54:34| 0 |Func:lift_up
-------------------------------------------
2022-10-18 14:54:34| 0 |Args:value:bool|bool|True
-------------------------------------------
2022-10-18 14:54:34| 0 |Func:lift_up
-------------------------------------------
2022-10-18 14:54:34| 0 |Args:value:bool|bool|True
-------------------------------------------
2022-10-18 14:54:34| 0 |Func:lift_up
-------------------------------------------
2022-10-18 14:54:34| 0 |Args:value:bool|bool|True
-------------------------------------------
2022-10-18 14:54:34| 0 |Func:lift_up
-------------------------------------------
2022-10-18 14:54:34| 0 |Args:value:bool|bool|True
-------------------------------------------
2022-10-18 14:54:34| 0 |Func:lift_up
-------------------------------------------
2022-10-18 14:54:34| 0 |Args:value:bool|bool|True
-------------------------------------------
2022-10-18 14:54:34| 0 |Func:lift_up
-------------------------------------------
2022-10-18 14:54:34| 0 |Args:value:bool|bool|True
-------------------------------------------
2022-10-18 14:54:34| 0 |Func:lift_up
-------------------------------------------
2022-10-18 14:54:34| 0 |Args:value:bool|bool|True
-------------------------------------------
2022-10-18 14:54:34| 0 |Func:lift_up
-------------------------------------------
2022-10-18 14:54:34| 0 |Args:value:bool|bool|True
-------------------------------------------
2022-10-18 14:54:34| 0 |Func:lift_up
-------------------------------------------
2022-10-18 14:54:34| 0 |Args:value:bool|bool|True
-------------------------------------------
2022-10-18 14:54:34| 0 |Func:lift_up
-------------------------------------------
2022-10-18 14:54:34| 0 |Args:value:bool|bool|True
-------------------------------------------
2022-10-18 14:54:34| 0 |Func:lift_up
-------------------------------------------
2022-10-18 14:54:34| 0 |Args:value:bool|bool|True
-------------------------------------------
2022-10-18 14:54:34| 0 |Func:lift_up
-------------------------------------------
2022-10-18 14:54:34| 0 |Args:value:bool|bool|True
-------------------------------------------
2022-10-18 14:54:34| 0 |Func:lift_up
-------------------------------------------
2022-10-18 14:54:34| 0 |Args:value:bool|bool|True
-------------------------------------------
2022-10-18 14:54:34| 0 |Func:lift_up
-------------------------------------------
2022-10-18 14:54:34| 0 |Args:value:bool|bool|True
-------------------------------------------
2022-10-18 14:54:34| 0 |Func:lift_up
-------------------------------------------
2022-10-18 14:54:34| 0 |Args:value:bool|bool|True
-------------------------------------------
2022-10-18 14:54:34| 0 |Func:lift_up
-------------------------------------------
2022-10-18 14:54:34| 0 |Args:value:bool|bool|True
-------------------------------------------
2022-10-18 14:54:34| 0 |Func:lift_up
-------------------------------------------
2022-10-18 14:54:34| 0 |Args:value:bool|bool|True
-------------------------------------------
2022-10-18 14:54:34| 0 |Func:lift_up
-------------------------------------------
2022-10-18 14:54:34| 0 |Args:value:bool|bool|True
-------------------------------------------
2022-10-18 14:54:34| 0 |Func:lift_up
-------------------------------------------
2022-10-18 14:54:34| 0 |Args:value:bool|bool|True
-------------------------------------------
2022-10-18 14:54:34| 0 |Func:lift_up
-------------------------------------------
2022-10-18 14:54:34| 0 |Args:value:bool|bool|True
-------------------------------------------
2022-10-18 14:54:34| 0 |Func:lift_up
-------------------------------------------
2022-10-18 14:54:34| 0 |Args:value:bool|bool|True
-------------------------------------------
2022-10-18 14:54:34| 0 |Func:lift_up
-------------------------------------------
2022-10-18 14:54:34| 0 |Args:value:bool|bool|True
-------------------------------------------
2022-10-18 14:54:34| 0 |Func:lift_up
-------------------------------------------
2022-10-18 14:54:34| 0 |Args:value:bool|bool|True
-------------------------------------------
2022-10-18 14:54:34| 0 |Func:lift_up
-------------------------------------------
2022-10-18 14:54:34| 0 |Args:value:bool|bool|True
-------------------------------------------
2022-10-18 14:54:34| 0 |Func:lift_up
-------------------------------------------
2022-10-18 14:54:34| 0 |Args:value:bool|bool|True
-------------------------------------------
2022-10-18 14:54:34| 0 |Func:lift_up
-------------------------------------------
2022-10-18 14:54:34| 0 |Args:value:bool|bool|True
-------------------------------------------
2022-10-18 14:54:34| 0 |Func:lift_up
-------------------------------------------
2022-10-18 14:54:34| 0 |Args:value:bool|bool|True
-------------------------------------------
2022-10-18 14:54:35| 0 |Func:lift_up
-------------------------------------------
2022-10-18 14:54:35| 0 |Args:value:bool|bool|True
-------------------------------------------
2022-10-18 14:54:35| 0 |Func:lift_up
-------------------------------------------
2022-10-18 14:54:35| 0 |Args:value:bool|bool|True
-------------------------------------------
2022-10-18 14:54:35| 0 |Func:lift_up
-------------------------------------------
2022-10-18 14:54:35| 0 |Args:value:bool|bool|True
-------------------------------------------
2022-10-18 14:54:35| 0 |Func:lift_up
-------------------------------------------
2022-10-18 14:54:35| 0 |Args:value:bool|bool|True
-------------------------------------------
2022-10-18 14:54:35| 0 |Func:lift_up
-------------------------------------------
2022-10-18 14:54:35| 0 |Args:value:bool|bool|True
-------------------------------------------
2022-10-18 14:54:35| 0 |Func:lift_up
-------------------------------------------
2022-10-18 14:54:35| 0 |Args:value:bool|bool|True
-------------------------------------------
2022-10-18 14:54:35| 0 |Func:lift_up
-------------------------------------------
2022-10-18 14:54:35| 0 |Args:value:bool|bool|True
-------------------------------------------
2022-10-18 14:54:35| 0 |Func:lift_up
-------------------------------------------
2022-10-18 14:54:35| 0 |Args:value:bool|bool|True
-------------------------------------------
2022-10-18 14:54:35| 0 |Func:lift_up
-------------------------------------------
2022-10-18 14:54:35| 0 |Args:value:bool|bool|True
-------------------------------------------
2022-10-18 14:54:35| 0 |Func:lift_up
-------------------------------------------
2022-10-18 14:54:35| 0 |Args:value:bool|bool|True
-------------------------------------------
2022-10-18 14:54:35| 0 |Func:lift_up
-------------------------------------------
2022-10-18 14:54:35| 0 |Args:value:bool|bool|True
-------------------------------------------
2022-10-18 14:54:35| 0 |Func:lift_up
-------------------------------------------
2022-10-18 14:54:35| 0 |Args:value:bool|bool|True
-------------------------------------------
2022-10-18 14:54:35| 0 |Func:lift_up
-------------------------------------------
2022-10-18 14:54:35| 0 |Args:value:bool|bool|True
-------------------------------------------
2022-10-18 14:54:35| 0 |Func:lift_up
-------------------------------------------
2022-10-18 14:54:35| 0 |Args:value:bool|bool|True
-------------------------------------------
2022-10-18 14:54:35| 0 |Func:lift_up
-------------------------------------------
2022-10-18 14:54:35| 0 |Args:value:bool|bool|True
-------------------------------------------
2022-10-18 14:54:35| 0 |Func:lift_up
-------------------------------------------
2022-10-18 14:54:35| 0 |Args:value:bool|bool|True
-------------------------------------------
2022-10-18 14:54:35| 0 |Func:lift_up
-------------------------------------------
2022-10-18 14:54:35| 0 |Args:value:bool|bool|True
-------------------------------------------
2022-10-18 14:54:35| 0 |Func:lift_up
-------------------------------------------
2022-10-18 14:54:35| 0 |Args:value:bool|bool|True
-------------------------------------------
2022-10-18 14:54:35| 0 |Func:lift_up
-------------------------------------------
2022-10-18 14:54:35| 0 |Args:value:bool|bool|True
-------------------------------------------
2022-10-18 14:54:35| 0 |Func:lift_up
-------------------------------------------
2022-10-18 14:54:35| 0 |Args:value:bool|bool|True
-------------------------------------------
2022-10-18 14:54:35| 0 |Func:lift_up
-------------------------------------------
2022-10-18 14:54:35| 0 |Args:value:bool|bool|True
-------------------------------------------
2022-10-18 14:54:35| 0 |Func:lift_up
-------------------------------------------
2022-10-18 14:54:35| 0 |Args:value:bool|bool|True
-------------------------------------------
2022-10-18 14:54:35| 0 |Func:lift_up
-------------------------------------------
2022-10-18 14:54:35| 0 |Args:value:bool|bool|True
-------------------------------------------
2022-10-18 14:54:35| 0 |Func:lift_up
-------------------------------------------
2022-10-18 14:54:35| 0 |Args:value:bool|bool|True
-------------------------------------------
2022-10-18 14:54:35| 0 |Func:lift_up
-------------------------------------------
2022-10-18 14:54:35| 0 |Args:value:bool|bool|True
-------------------------------------------
2022-10-18 14:54:35| 0 |Func:lift_up
-------------------------------------------
2022-10-18 14:54:35| 0 |Args:value:bool|bool|True
-------------------------------------------
2022-10-18 14:54:35| 0 |Func:lift_up
-------------------------------------------
2022-10-18 14:54:35| 0 |Args:value:bool|bool|True
-------------------------------------------
2022-10-18 14:54:35| 0 |Func:lift_up
-------------------------------------------
2022-10-18 14:54:35| 0 |Args:value:bool|bool|True
-------------------------------------------
2022-10-18 14:54:35| 0 |Func:lift_up
-------------------------------------------
2022-10-18 14:54:35| 0 |Args:value:bool|bool|True
-------------------------------------------
2022-10-18 14:54:35| 0 |Func:lift_up
-------------------------------------------
2022-10-18 14:54:35| 0 |Args:value:bool|bool|True
-------------------------------------------
2022-10-18 14:54:35| 0 |Func:lift_up
-------------------------------------------
2022-10-18 14:54:35| 0 |Args:value:bool|bool|True
-------------------------------------------
2022-10-18 14:54:35| 0 |Func:lift_up
-------------------------------------------
2022-10-18 14:54:35| 0 |Args:value:bool|bool|True
-------------------------------------------
2022-10-18 14:54:35| 0 |Func:lift_up
-------------------------------------------
2022-10-18 14:54:35| 0 |Args:value:bool|bool|True
-------------------------------------------
2022-10-18 14:54:35| 0 |Func:lift_up
-------------------------------------------
2022-10-18 14:54:35| 0 |Args:value:bool|bool|True
-------------------------------------------
2022-10-18 14:54:35| 0 |Func:lift_up
-------------------------------------------
2022-10-18 14:54:35| 0 |Args:value:bool|bool|True
-------------------------------------------
2022-10-18 14:54:35| 0 |Func:lift_up
-------------------------------------------
2022-10-18 14:54:35| 0 |Args:value:bool|bool|True
-------------------------------------------
2022-10-18 14:54:35| 0 |Func:lift_up
-------------------------------------------
2022-10-18 14:54:35| 0 |Args:value:bool|bool|True
-------------------------------------------
2022-10-18 14:54:35| 0 |Func:lift_up
-------------------------------------------
2022-10-18 14:54:35| 0 |Args:value:bool|bool|True
-------------------------------------------
2022-10-18 14:54:35| 0 |Func:lift_up
-------------------------------------------
2022-10-18 14:54:35| 0 |Args:value:bool|bool|True
-------------------------------------------
2022-10-18 14:54:35| 0 |Func:lift_up
-------------------------------------------
2022-10-18 14:54:35| 0 |Args:value:bool|bool|True
-------------------------------------------
2022-10-18 14:54:35| 0 |Func:lift_up
-------------------------------------------
2022-10-18 14:54:35| 0 |Args:value:bool|bool|True
-------------------------------------------
2022-10-18 14:54:35| 0 |Func:lift_up
-------------------------------------------
2022-10-18 14:54:35| 0 |Args:value:bool|bool|True
-------------------------------------------
2022-10-18 14:54:35| 0 |Func:lift_up
-------------------------------------------
2022-10-18 14:54:35| 0 |Args:value:bool|bool|True
-------------------------------------------
2022-10-18 14:54:35| 0 |Func:lift_up
-------------------------------------------
2022-10-18 14:54:35| 0 |Args:value:bool|bool|True
-------------------------------------------
2022-10-18 14:54:35| 0 |Func:lift_up
-------------------------------------------
2022-10-18 14:54:35| 0 |Args:value:bool|bool|True
-------------------------------------------
2022-10-18 14:54:35| 0 |Func:lift_up
-------------------------------------------
2022-10-18 14:54:35| 0 |Args:value:bool|bool|True
-------------------------------------------
2022-10-18 14:54:35| 0 |Func:lift_up
-------------------------------------------
2022-10-18 14:54:35| 0 |Args:value:bool|bool|True
-------------------------------------------
2022-10-18 14:54:35| 0 |Func:lift_up
-------------------------------------------
2022-10-18 14:54:35| 0 |Args:value:bool|bool|True
-------------------------------------------
2022-10-18 14:54:35| 0 |Func:lift_up
-------------------------------------------
2022-10-18 14:54:35| 0 |Args:value:bool|bool|True
-------------------------------------------
2022-10-18 14:54:35| 0 |Func:lift_up
-------------------------------------------
2022-10-18 14:54:35| 0 |Args:value:bool|bool|True
-------------------------------------------
2022-10-18 14:54:35| 0 |Func:lift_up
-------------------------------------------
2022-10-18 14:54:35| 0 |Args:value:bool|bool|True
-------------------------------------------
2022-10-18 14:54:35| 0 |Func:lift_up
-------------------------------------------
2022-10-18 14:54:35| 0 |Args:value:bool|bool|True
-------------------------------------------
2022-10-18 14:54:35| 0 |Func:lift_up
-------------------------------------------
2022-10-18 14:54:35| 0 |Args:value:bool|bool|True
-------------------------------------------
2022-10-18 14:54:35| 0 |Func:lift_up
-------------------------------------------
2022-10-18 14:54:35| 0 |Args:value:bool|bool|True
-------------------------------------------
2022-10-18 14:54:35| 0 |Func:lift_up
-------------------------------------------
2022-10-18 14:54:35| 0 |Args:value:bool|bool|True
-------------------------------------------
2022-10-18 14:54:35| 0 |Func:lift_up
-------------------------------------------
2022-10-18 14:54:35| 0 |Args:value:bool|bool|True
-------------------------------------------
2022-10-18 14:54:35| 0 |Func:lift_up
-------------------------------------------
2022-10-18 14:54:35| 0 |Args:value:bool|bool|True
-------------------------------------------
2022-10-18 14:54:36| 0 |Func:lift_up
-------------------------------------------
2022-10-18 14:54:36| 0 |Args:value:bool|bool|True
-------------------------------------------
2022-10-18 14:54:36| 0 |Func:lift_up
-------------------------------------------
2022-10-18 14:54:36| 0 |Args:value:bool|bool|True
-------------------------------------------
2022-10-18 14:54:36| 0 |Func:lift_up
-------------------------------------------
2022-10-18 14:54:36| 0 |Args:value:bool|bool|True
-------------------------------------------
2022-10-18 14:54:36| 0 |Func:lift_up
-------------------------------------------
2022-10-18 14:54:36| 0 |Args:value:bool|bool|True
-------------------------------------------
2022-10-18 14:54:36| 0 |Func:lift_up
-------------------------------------------
2022-10-18 14:54:36| 0 |Args:value:bool|bool|True
-------------------------------------------
2022-10-18 14:54:36| 0 |Func:lift_up
-------------------------------------------
2022-10-18 14:54:36| 0 |Args:value:bool|bool|True
-------------------------------------------
2022-10-18 14:54:36| 0 |Func:lift_up
-------------------------------------------
2022-10-18 14:54:36| 0 |Args:value:bool|bool|True
-------------------------------------------
2022-10-18 14:54:36| 0 |Func:lift_up
-------------------------------------------
2022-10-18 14:54:36| 0 |Args:value:bool|bool|True
-------------------------------------------
2022-10-18 14:54:36| 0 |Func:lift_up
-------------------------------------------
2022-10-18 14:54:36| 0 |Args:value:bool|bool|True
-------------------------------------------
2022-10-18 14:54:36| 0 |Func:lift_up
-------------------------------------------
2022-10-18 14:54:36| 0 |Args:value:bool|bool|True
-------------------------------------------
2022-10-18 14:54:36| 0 |Func:lift_up
-------------------------------------------
2022-10-18 14:54:36| 0 |Args:value:bool|bool|True
-------------------------------------------
2022-10-18 14:54:36| 0 |Func:lift_up
-------------------------------------------
2022-10-18 14:54:36| 0 |Args:value:bool|bool|True
-------------------------------------------
2022-10-18 14:54:36| 0 |Func:lift_up
-------------------------------------------
2022-10-18 14:54:36| 0 |Args:value:bool|bool|True
-------------------------------------------
2022-10-18 14:54:36| 0 |Func:lift_up
-------------------------------------------
2022-10-18 14:54:36| 0 |Args:value:bool|bool|True
-------------------------------------------
2022-10-18 14:54:36| 0 |Func:lift_up
-------------------------------------------
2022-10-18 14:54:36| 0 |Args:value:bool|bool|True
-------------------------------------------
2022-10-18 14:54:36| 0 |Func:lift_up
-------------------------------------------
2022-10-18 14:54:36| 0 |Args:value:bool|bool|True
-------------------------------------------
2022-10-18 14:54:36| 0 |Func:lift_up
-------------------------------------------
2022-10-18 14:54:36| 0 |Args:value:bool|bool|True
-------------------------------------------
2022-10-18 14:54:36| 0 |Func:lift_up
-------------------------------------------
2022-10-18 14:54:36| 0 |Args:value:bool|bool|True
-------------------------------------------
2022-10-18 14:54:36| 0 |Func:lift_up
-------------------------------------------
2022-10-18 14:54:36| 0 |Args:value:bool|bool|True
-------------------------------------------
2022-10-18 14:54:36| 0 |Func:lift_up
-------------------------------------------
2022-10-18 14:54:36| 0 |Args:value:bool|bool|True
-------------------------------------------
2022-10-18 14:54:36| 0 |Func:lift_up
-------------------------------------------
2022-10-18 14:54:36| 0 |Args:value:bool|bool|True
-------------------------------------------
2022-10-18 14:54:36| 0 |Func:lift_up
-------------------------------------------
2022-10-18 14:54:36| 0 |Args:value:bool|bool|True
-------------------------------------------
2022-10-18 14:54:36| 0 |Func:lift_up
-------------------------------------------
2022-10-18 14:54:36| 0 |Args:value:bool|bool|True
-------------------------------------------
2022-10-18 14:54:36| 0 |Func:lift_up
-------------------------------------------
2022-10-18 14:54:36| 0 |Args:value:bool|bool|True
-------------------------------------------
2022-10-18 14:54:36| 0 |Func:lift_up
-------------------------------------------
2022-10-18 14:54:36| 0 |Args:value:bool|bool|True
-------------------------------------------
2022-10-18 14:54:36| 0 |Func:lift_up
-------------------------------------------
2022-10-18 14:54:36| 0 |Args:value:bool|bool|True
-------------------------------------------
2022-10-18 14:54:36| 0 |Func:lift_up
-------------------------------------------
2022-10-18 14:54:36| 0 |Args:value:bool|bool|True
-------------------------------------------
2022-10-18 14:54:36| 0 |Func:lift_up
-------------------------------------------
2022-10-18 14:54:36| 0 |Args:value:bool|bool|True
-------------------------------------------
2022-10-18 14:54:36| 0 |Func:lift_up
-------------------------------------------
2022-10-18 14:54:36| 0 |Args:value:bool|bool|True
-------------------------------------------
2022-10-18 14:54:36| 0 |Func:lift_up
-------------------------------------------
2022-10-18 14:54:36| 0 |Args:value:bool|bool|True
-------------------------------------------
2022-10-18 14:54:36| 0 |Func:lift_up
-------------------------------------------
2022-10-18 14:54:36| 0 |Args:value:bool|bool|True
-------------------------------------------
2022-10-18 14:54:36| 0 |Func:lift_up
-------------------------------------------
2022-10-18 14:54:36| 0 |Args:value:bool|bool|True
-------------------------------------------
2022-10-18 14:54:36| 0 |Func:lift_up
-------------------------------------------
2022-10-18 14:54:36| 0 |Args:value:bool|bool|True
-------------------------------------------
2022-10-18 14:54:36| 0 |Func:lift_up
-------------------------------------------
2022-10-18 14:54:36| 0 |Args:value:bool|bool|True
-------------------------------------------
2022-10-18 14:54:36| 0 |Func:lift_up
-------------------------------------------
2022-10-18 14:54:36| 0 |Args:value:bool|bool|True
-------------------------------------------
2022-10-18 14:54:36| 0 |Func:lift_up
-------------------------------------------
2022-10-18 14:54:36| 0 |Args:value:bool|bool|True
-------------------------------------------
2022-10-18 14:54:36| 0 |Func:lift_up
-------------------------------------------
2022-10-18 14:54:36| 0 |Args:value:bool|bool|True
-------------------------------------------
2022-10-18 14:54:36| 0 |Func:lift_up
-------------------------------------------
2022-10-18 14:54:36| 0 |Args:value:bool|bool|True
-------------------------------------------
2022-10-18 14:54:36| 0 |Func:lift_up
-------------------------------------------
2022-10-18 14:54:36| 0 |Args:value:bool|bool|True
-------------------------------------------
2022-10-18 14:54:36| 0 |Func:lift_up
-------------------------------------------
2022-10-18 14:54:36| 0 |Args:value:bool|bool|True
-------------------------------------------
2022-10-18 14:54:36| 0 |Func:lift_up
-------------------------------------------
2022-10-18 14:54:36| 0 |Args:value:bool|bool|True
-------------------------------------------
2022-10-18 14:54:36| 0 |Func:lift_up
-------------------------------------------
2022-10-18 14:54:36| 0 |Args:value:bool|bool|True
-------------------------------------------
2022-10-18 14:54:36| 0 |Func:lift_up
-------------------------------------------
2022-10-18 14:54:36| 0 |Args:value:bool|bool|True
-------------------------------------------
2022-10-18 14:54:36| 0 |Func:lift_up
-------------------------------------------
2022-10-18 14:54:36| 0 |Args:value:bool|bool|True
-------------------------------------------
2022-10-18 14:54:36| 0 |Func:lift_up
-------------------------------------------
2022-10-18 14:54:36| 0 |Args:value:bool|bool|True
-------------------------------------------
2022-10-18 14:54:37| 0 |Func:lift_up
-------------------------------------------
2022-10-18 14:54:37| 0 |Args:value:bool|bool|True
-------------------------------------------
2022-10-18 14:54:37| 0 |Func:lift_up
-------------------------------------------
2022-10-18 14:54:37| 0 |Args:value:bool|bool|True
-------------------------------------------
2022-10-18 14:54:37| 0 |Func:lift_up
-------------------------------------------
2022-10-18 14:54:37| 0 |Args:value:bool|bool|True
-------------------------------------------
2022-10-18 14:54:37| 0 |Func:lift_up
-------------------------------------------
2022-10-18 14:54:37| 0 |Args:value:bool|bool|True
-------------------------------------------
2022-10-18 14:54:37| 0 |Func:lift_up
-------------------------------------------
2022-10-18 14:54:37| 0 |Args:value:bool|bool|True
-------------------------------------------
2022-10-18 14:54:37| 0 |Func:lift_up
-------------------------------------------
2022-10-18 14:54:37| 0 |Args:value:bool|bool|True
-------------------------------------------
2022-10-18 14:54:37| 0 |Func:lift_up
-------------------------------------------
2022-10-18 14:54:37| 0 |Args:value:bool|bool|True
-------------------------------------------
2022-10-18 14:54:37| 0 |Func:lift_up
-------------------------------------------
2022-10-18 14:54:37| 0 |Args:value:bool|bool|True
-------------------------------------------
2022-10-18 14:54:37| 0 |Func:lift_up
-------------------------------------------
2022-10-18 14:54:37| 0 |Args:value:bool|bool|True
-------------------------------------------
2022-10-18 14:54:37| 0 |Func:lift_up
-------------------------------------------
2022-10-18 14:54:37| 0 |Args:value:bool|bool|True
-------------------------------------------
2022-10-18 14:54:37| 0 |Func:lift_up
-------------------------------------------
2022-10-18 14:54:37| 0 |Args:value:bool|bool|True
-------------------------------------------
2022-10-18 14:54:37| 0 |Func:lift_up
-------------------------------------------
2022-10-18 14:54:37| 0 |Args:value:bool|bool|True
-------------------------------------------
2022-10-18 14:54:37| 0 |Func:lift_up
-------------------------------------------
2022-10-18 14:54:37| 0 |Args:value:bool|bool|True
-------------------------------------------
2022-10-18 14:54:37| 0 |Func:lift_up
-------------------------------------------
2022-10-18 14:54:37| 0 |Args:value:bool|bool|True
-------------------------------------------
2022-10-18 14:54:37| 0 |Func:lift_up
-------------------------------------------
2022-10-18 14:54:37| 0 |Args:value:bool|bool|True
-------------------------------------------
2022-10-18 14:54:37| 0 |Func:lift_up
-------------------------------------------
2022-10-18 14:54:37| 0 |Args:value:bool|bool|True
-------------------------------------------
2022-10-18 14:54:37| 0 |Func:lift_up
-------------------------------------------
2022-10-18 14:54:37| 0 |Args:value:bool|bool|True
-------------------------------------------
2022-10-18 14:54:37| 0 |Func:lift_up
-------------------------------------------
2022-10-18 14:54:37| 0 |Args:value:bool|bool|True
-------------------------------------------
2022-10-18 14:54:37| 0 |Func:lift_up
-------------------------------------------
2022-10-18 14:54:37| 0 |Args:value:bool|bool|True
-------------------------------------------
2022-10-18 14:54:37| 0 |Func:lift_up
-------------------------------------------
2022-10-18 14:54:37| 0 |Args:value:bool|bool|True
-------------------------------------------
2022-10-18 14:54:37| 0 |Func:lift_up
-------------------------------------------
2022-10-18 14:54:37| 0 |Args:value:bool|bool|True
-------------------------------------------
2022-10-18 14:54:37| 0 |Func:lift_up
-------------------------------------------
2022-10-18 14:54:37| 0 |Args:value:bool|bool|True
-------------------------------------------
2022-10-18 14:54:37| 0 |Func:lift_up
-------------------------------------------
2022-10-18 14:54:37| 0 |Args:value:bool|bool|True
-------------------------------------------
2022-10-18 14:54:37| 0 |Func:lift_up
-------------------------------------------
2022-10-18 14:54:37| 0 |Args:value:bool|bool|True
-------------------------------------------
2022-10-18 14:54:37| 0 |Func:lift_up
-------------------------------------------
2022-10-18 14:54:37| 0 |Args:value:bool|bool|True
-------------------------------------------
2022-10-18 14:54:37| 0 |Func:lift_up
-------------------------------------------
2022-10-18 14:54:37| 0 |Args:value:bool|bool|True
-------------------------------------------
2022-10-18 14:54:37| 0 |Func:lift_up
-------------------------------------------
2022-10-18 14:54:37| 0 |Args:value:bool|bool|True
-------------------------------------------
2022-10-18 14:54:37| 0 |Func:lift_up
-------------------------------------------
2022-10-18 14:54:37| 0 |Args:value:bool|bool|True
-------------------------------------------
2022-10-18 14:54:37| 0 |Func:lift_up
-------------------------------------------
2022-10-18 14:54:37| 0 |Args:value:bool|bool|True
-------------------------------------------
2022-10-18 14:54:37| 0 |Func:lift_up
-------------------------------------------
2022-10-18 14:54:37| 0 |Args:value:bool|bool|True
-------------------------------------------
2022-10-18 14:54:37| 0 |Func:lift_up
-------------------------------------------
2022-10-18 14:54:37| 0 |Args:value:bool|bool|True
-------------------------------------------
2022-10-18 14:54:37| 0 |Func:lift_up
-------------------------------------------
2022-10-18 14:54:37| 0 |Args:value:bool|bool|True
-------------------------------------------
2022-10-18 14:54:37| 0 |Func:lift_up
-------------------------------------------
2022-10-18 14:54:37| 0 |Args:value:bool|bool|True
-------------------------------------------
2022-10-18 14:54:37| 0 |Func:lift_up
-------------------------------------------
2022-10-18 14:54:37| 0 |Args:value:bool|bool|True
-------------------------------------------
2022-10-18 14:54:37| 0 |Func:lift_up
-------------------------------------------
2022-10-18 14:54:37| 0 |Args:value:bool|bool|True
-------------------------------------------
2022-10-18 14:54:37| 0 |Func:lift_up
-------------------------------------------
2022-10-18 14:54:37| 0 |Args:value:bool|bool|True
-------------------------------------------
2022-10-18 14:54:37| 0 |Func:lift_up
-------------------------------------------
2022-10-18 14:54:37| 0 |Args:value:bool|bool|True
-------------------------------------------
2022-10-18 14:54:37| 0 |Func:lift_up
-------------------------------------------
2022-10-18 14:54:37| 0 |Args:value:bool|bool|True
-------------------------------------------
2022-10-18 14:54:37| 0 |Func:lift_up
-------------------------------------------
2022-10-18 14:54:37| 0 |Args:value:bool|bool|True
-------------------------------------------
2022-10-18 14:54:37| 0 |Func:lift_up
-------------------------------------------
2022-10-18 14:54:37| 0 |Args:value:bool|bool|True
-------------------------------------------
2022-10-18 14:54:37| 0 |Func:lift_up
-------------------------------------------
2022-10-18 14:54:37| 0 |Args:value:bool|bool|True
-------------------------------------------
2022-10-18 14:54:37| 0 |Func:lift_up
-------------------------------------------
2022-10-18 14:54:37| 0 |Args:value:bool|bool|True
-------------------------------------------
2022-10-18 14:54:37| 0 |Func:lift_up
-------------------------------------------
2022-10-18 14:54:37| 0 |Args:value:bool|bool|True
-------------------------------------------
2022-10-18 14:54:37| 0 |Func:lift_up
-------------------------------------------
2022-10-18 14:54:37| 0 |Args:value:bool|bool|True
-------------------------------------------
2022-10-18 14:54:37| 0 |Func:lift_up
-------------------------------------------
2022-10-18 14:54:37| 0 |Args:value:bool|bool|True
-------------------------------------------
2022-10-18 14:54:37| 0 |Func:lift_up
-------------------------------------------
2022-10-18 14:54:37| 0 |Args:value:bool|bool|True
-------------------------------------------
2022-10-18 14:54:37| 0 |Func:lift_up
-------------------------------------------
2022-10-18 14:54:37| 0 |Args:value:bool|bool|True
-------------------------------------------
2022-10-18 14:54:37| 0 |Func:lift_up
-------------------------------------------
2022-10-18 14:54:37| 0 |Args:value:bool|bool|True
-------------------------------------------
2022-10-18 14:54:37| 0 |Func:lift_up
-------------------------------------------
2022-10-18 14:54:37| 0 |Args:value:bool|bool|True
-------------------------------------------
2022-10-18 14:54:37| 0 |Func:lift_up
-------------------------------------------
2022-10-18 14:54:37| 0 |Args:value:bool|bool|True
-------------------------------------------
2022-10-18 14:54:37| 0 |Func:lift_up
-------------------------------------------
2022-10-18 14:54:37| 0 |Args:value:bool|bool|True
-------------------------------------------
2022-10-18 14:54:37| 0 |Func:lift_up
-------------------------------------------
2022-10-18 14:54:37| 0 |Args:value:bool|bool|True
-------------------------------------------
2022-10-18 14:54:37| 0 |Func:lift_up
-------------------------------------------
2022-10-18 14:54:37| 0 |Args:value:bool|bool|True
-------------------------------------------
2022-10-18 14:54:37| 0 |Func:lift_up
-------------------------------------------
2022-10-18 14:54:37| 0 |Args:value:bool|bool|True
-------------------------------------------
2022-10-18 14:54:37| 0 |Func:lift_up
-------------------------------------------
2022-10-18 14:54:37| 0 |Args:value:bool|bool|True
-------------------------------------------
2022-10-18 14:56:50| 0 |Func:connect
-------------------------------------------
2022-10-18 14:56:50| 0 |Args:ip:str|str|192.168.10.11
-------------------------------------------
2022-10-18 14:56:50| 0 |Func:get_running_status
-------------------------------------------
2022-10-18 14:56:50| 0 |Args:
-------------------------------------------
2022-10-18 14:56:50| 0 |Func:get_running_status
-------------------------------------------
2022-10-18 14:56:50| 0 |Args:
-------------------------------------------
2022-10-18 14:56:50| 0 |Func:get_target_pos
-------------------------------------------
2022-10-18 14:56:50| 0 |Args:
-------------------------------------------
2022-10-18 14:56:50| 0 |Func:get_current_pos
-------------------------------------------
2022-10-18 14:56:50| 0 |Args:
-------------------------------------------
2022-10-18 14:56:50| 0 |Func:lift_up
-------------------------------------------
2022-10-18 14:56:50| 0 |Args:value:bool|bool|True
-------------------------------------------
2022-10-18 14:57:12| 0 |Func:connect
-------------------------------------------
2022-10-18 14:57:12| 0 |Args:ip:str|str|192.168.10.11
-------------------------------------------
2022-10-18 14:57:12| 0 |Func:get_running_status
-------------------------------------------
2022-10-18 14:57:12| 0 |Args:
-------------------------------------------
2022-10-18 14:57:12| 0 |Func:get_running_status
-------------------------------------------
2022-10-18 14:57:12| 0 |Args:
-------------------------------------------
2022-10-18 14:57:12| 0 |Func:get_target_pos
-------------------------------------------
2022-10-18 14:57:12| 0 |Args:
-------------------------------------------
2022-10-18 14:57:12| 0 |Func:get_current_pos
-------------------------------------------
2022-10-18 14:57:12| 0 |Args:
-------------------------------------------
2022-10-18 14:57:12| 0 |Func:lift_up
-------------------------------------------
2022-10-18 14:57:12| 0 |Args:value:bool|bool|True
-------------------------------------------
2022-10-18 14:57:17| 0 |Func:connect
-------------------------------------------
2022-10-18 14:57:17| 0 |Args:ip:str|str|192.168.10.11
-------------------------------------------
2022-10-18 14:57:17| 0 |Func:get_running_status
-------------------------------------------
2022-10-18 14:57:17| 0 |Args:
-------------------------------------------
2022-10-18 14:57:17| 0 |Func:get_running_status
-------------------------------------------
2022-10-18 14:57:17| 0 |Args:
-------------------------------------------
2022-10-18 14:57:17| 0 |Func:get_target_pos
-------------------------------------------
2022-10-18 14:57:17| 0 |Args:
-------------------------------------------
2022-10-18 14:57:17| 0 |Func:get_current_pos
-------------------------------------------
2022-10-18 14:57:17| 0 |Args:
-------------------------------------------
2022-10-18 14:57:17| 0 |Func:lift_up
-------------------------------------------
2022-10-18 14:57:17| 0 |Args:value:bool|bool|True
-------------------------------------------
2022-10-18 14:57:21| 0 |Func:connect
-------------------------------------------
2022-10-18 14:57:21| 0 |Args:ip:str|str|192.168.10.11
-------------------------------------------
2022-10-18 14:57:21| 0 |Func:get_running_status
-------------------------------------------
2022-10-18 14:57:21| 0 |Args:
-------------------------------------------
2022-10-18 14:57:21| 0 |Func:get_running_status
-------------------------------------------
2022-10-18 14:57:21| 0 |Args:
-------------------------------------------
2022-10-18 14:57:21| 0 |Func:get_target_pos
-------------------------------------------
2022-10-18 14:57:21| 0 |Args:
-------------------------------------------
2022-10-18 14:57:21| 0 |Func:get_current_pos
-------------------------------------------
2022-10-18 14:57:21| 0 |Args:
-------------------------------------------
2022-10-18 14:57:21| 0 |Func:lift_up
-------------------------------------------
2022-10-18 14:57:21| 0 |Args:value:bool|bool|True
-------------------------------------------
2022-10-18 14:57:59| 0 |Func:connect
-------------------------------------------
2022-10-18 14:57:59| 0 |Args:ip:str|str|192.168.10.11
-------------------------------------------
2022-10-18 14:57:59| 0 |Func:get_running_status
-------------------------------------------
2022-10-18 14:57:59| 0 |Args:
-------------------------------------------
2022-10-18 14:57:59| 0 |Func:get_running_status
-------------------------------------------
2022-10-18 14:57:59| 0 |Args:
-------------------------------------------
2022-10-18 14:57:59| 0 |Func:get_target_pos
-------------------------------------------
2022-10-18 14:57:59| 0 |Args:
-------------------------------------------
2022-10-18 14:57:59| 0 |Func:get_current_pos
-------------------------------------------
2022-10-18 14:57:59| 0 |Args:
-------------------------------------------
2022-10-18 14:57:59| 0 |Func:lift_up
-------------------------------------------
2022-10-18 14:57:59| 0 |Args:value:bool|bool|True
